Ошибка при подключении к базе данных.
Ошибка: SQLSTATE[HY000] [2002] php_network_getaddresses: getaddrinfo failed: Name or service not known
Файл: /var/www/galerkin.loc/public_html/main/DefModel.php
Строка: 131

Ошибка при подключении к базе данных.
Ошибка: SQLSTATE[HY000] [2002] No such file or directory
Файл: /var/www/galerkin.loc/public_html/main/DefModel.php
Строка: 133

Ошибка при подключении к базе данных.
Ошибка: SQLSTATE[HY000] [2002] No such file or directory
Файл: /var/www/galerkin.loc/public_html/main/DefModel.php
Строка: 133

Ошибка при подключении к базе данных.
Ошибка: SQLSTATE[HY000] [2002] No such file or directory
Файл: /var/www/galerkin.loc/public_html/main/DefModel.php
Строка: 133

Ошибка при подключении к базе данных.
Ошибка: SQLSTATE[HY000] [2002] No such file or directory
Файл: /var/www/galerkin.loc/public_html/main/DefModel.php
Строка: 133

Ошибка при подключении к базе данных.
Ошибка: SQLSTATE[HY000] [2002] No such file or directory
Файл: /var/www/galerkin.loc/public_html/main/DefModel.php
Строка: 133

Ошибка при подключении к базе данных.
Ошибка: SQLSTATE[HY000] [2002] No such file or directory
Файл: /var/www/galerkin.loc/public_html/main/DefModel.php
Строка: 133

Ошибка при подключении к базе данных.
Ошибка: SQLSTATE[HY000] [2002] No such file or directory
Файл: /var/www/galerkin.loc/public_html/main/DefModel.php
Строка: 133

Ошибка при подключении к базе данных.
Ошибка: SQLSTATE[HY000] [2002] No such file or directory
Файл: /var/www/galerkin.loc/public_html/main/DefModel.php
Строка: 133

